
Showing logs for build [32mjames-knott-train-schedule-mast-flsbr-1[0m stage [32mfrom-build-pack[0m and container [32mcredential-initializer[0m
{"level":"info","ts":1618022797.093169,"caller":"creds-init/main.go:44","msg":"Credentials initialized."}

Showing logs for build [32mjames-knott-train-schedule-mast-flsbr-1[0m stage [32mfrom-build-pack[0m and container [32mworking-dir-initializer[0m

Showing logs for build [32mjames-knott-train-schedule-mast-flsbr-1[0m stage [32mfrom-build-pack[0m and container [32mplace-tools[0m

Showing logs for build [32mjames-knott-train-schedule-mast-flsbr-1[0m stage [32mfrom-build-pack[0m and container [32mstep-git-source-james-knott-train-schedule-mast-flsbr-x24kv[0m
{"level":"info","ts":1618022831.608617,"caller":"git/git.go:105","msg":"Successfully cloned https://github.com/***********/train-schedule.git @ v0.0.1 in path /workspace/source"}
{"level":"warn","ts":1618022831.6087017,"caller":"git/git.go:152","msg":"Unexpected error: creating symlink: symlink /tekton/home/.ssh /root/.ssh: file exists"}
{"level":"info","ts":1618022831.6422193,"caller":"git/git.go:133","msg":"Successfully initialized and updated submodules in path /workspace/source"}

Showing logs for build [32mjames-knott-train-schedule-mast-flsbr-1[0m stage [32mfrom-build-pack[0m and container [32mstep-setup-builder-home[0m

Showing logs for build [32mjames-knott-train-schedule-mast-flsbr-1[0m stage [32mfrom-build-pack[0m and container [32mstep-git-merge[0m
Using SHAs from PULL_REFS=master:22c23756fac4172056fea75adb168c19ce836821
WARNING: no SHAs to merge, falling back to initial cloned commit

Showing logs for build [32mjames-knott-train-schedule-mast-flsbr-1[0m stage [32mfrom-build-pack[0m and container [32mstep-setup-jx-git-credentials[0m
Generated Git credentials file /workspace/xdg_config/git/credentials

Showing logs for build [32mjames-knott-train-schedule-mast-flsbr-1[0m stage [32mfrom-build-pack[0m and container [32mstep-build-gradle-build[0m
Picked up _JAVA_OPTIONS: -XX:+UnlockExperimentalVMOptions -XX:+UseCGroupMemoryLimitForHeap -Dsun.zip.disableMemoryMapping=true -XX:+UseParallelGC -XX:MinHeapFreeRatio=5 -XX:MaxHeapFreeRatio=10 -XX:GCTimeRatio=4 -XX:AdaptiveSizePolicyWeight=90 -Xms10m -Xmx192m
OpenJDK 64-Bit Server VM warning: If the number of processors is expected to increase from one, then you should configure the number of parallel GC threads appropriately using -XX:ParallelGCThreads=N
Starting a Gradle Daemon (subsequent builds will be faster)
Download https://plugins.gradle.org/m2/com/moowork/node/com.moowork.node.gradle.plugin/1.2.0/com.moowork.node.gradle.plugin-1.2.0.pom
Download https://plugins.gradle.org/m2/com/moowork/gradle/gradle-node-plugin/1.2.0/gradle-node-plugin-1.2.0.pom
Download https://plugins.gradle.org/m2/com/moowork/gradle/gradle-node-plugin/1.2.0/gradle-node-plugin-1.2.0.jar

FAILURE: Build failed with an exception.

* What went wrong:
Task 'clean' not found in root project 'cicd-pipeline-train-schedule-jenkins'.

* Try:
Run gradle tasks to get a list of available tasks. Run with --stacktrace option to get the stack trace. Run with --info or --debug option to get more log output. Run with --scan to get full insights.

* Get more help at https://help.gradle.org

BUILD FAILED in 11s
[31m
Pipeline failed on stage 'from-build-pack' : container 'step-build-gradle-build'. The execution of the pipeline has stopped.[0m
